Usuario Creado correctamente:
Parametros solicitados:
Name: miguelA
Surname: angelA
Username: miguelAA
Password: miguel123
Email: miguelA@miguel.es
Usuario creado: 
Model.User@5fd0d5ae
Usuario Creado correctamente:
Parametros solicitados:
Name: miguelB
Surname: angelB
Username: miguelBB
Password: migue456
Email: miguelB@miguel.es
Usuario creado: 
Model.User@2d98a335
Usuario Creado correctamente:
Parametros solicitados:
Name: miguelC
Surname: angelC
Username: miguelCC
Password: miguel789
Email: miguelC@miguel.es
Usuario creado: 
Model.User@16b98e56
Usuario Creado correctamente:
Parametros solicitados:
   Name: miguelA
   Surname: angelA
   Username: miguelAA
   Password: miguel123
   Email: miguelA@miguel.es
Usuario Creado correctamente:
Parametros solicitados:
   Name: miguelB
   Surname: angelB
   Username: miguelBB
   Password: migue456
   Email: miguelB@miguel.es
Usuario Creado correctamente:
Parametros solicitados:
   Name: miguelC
   Surname: angelC
   Username: miguelCC
   Password: miguel789
   Email: miguelC@miguel.es
Usuario Creado correctamente:
Parametros solicitados:
   Name: miguelA
   Surname: angelA
   Username: miguelAA
   Password: miguel123
   Email: miguelA@miguel.es
Usuario Creado correctamente:
Parametros solicitados:
   Name: miguelB
   Surname: angelB
   Username: miguelBB
   Password: migue456
   Email: miguelB@miguel.es
Usuario Creado correctamente:
Parametros solicitados:
   Name: miguelC
   Surname: angelC
   Username: miguelCC
   Password: miguel789
   Email: miguelC@miguel.es
Usuario Creado correctamente:
Parametros solicitados:
   Name: miguelD
   Surname: angelD
   Username: miguelDD
   Password: miguel012
   Email: miguelD@miguel.es
Usuario Creado correctamente:
Parametros solicitados:
   Name: miguelA
   Surname: angelA
   Username: miguelAA
   Password: miguel123
   Email: miguelA@miguel.es
Usuario Creado correctamente:
Parametros solicitados:
   Name: miguelB
   Surname: angelB
   Username: miguelBB
   Password: migue456
   Email: miguelB@miguel.es
Usuario Creado correctamente:
Parametros solicitados:
   Name: miguelC
   Surname: angelC
   Username: miguelCC
   Password: miguel789
   Email: miguelC@miguel.es
Usuario Creado correctamente:
Parametros solicitados:
   Name: miguelD
   Surname: angelD
   Username: miguelDD
   Password: miguel012
   Email: miguelD@miguel.es
Usuario Creado correctamente:
Parametros solicitados:
   Name: miguelA
   Surname: angelA
   Username: miguelAA
   Password: miguel123
   Email: miguelA@miguel.es
Usuario Creado correctamente:
Parametros solicitados:
   Name: miguelB
   Surname: angelB
   Username: miguelBB
   Password: migue456
   Email: miguelB@miguel.es
Usuario Creado correctamente:
Parametros solicitados:
   Name: miguelC
   Surname: angelC
   Username: miguelCC
   Password: miguel789
   Email: miguelC@miguel.es
Usuario Creado correctamente:
Parametros solicitados:
   Name: miguelD
   Surname: angelD
   Username: miguelDD
   Password: miguel012
   Email: miguelD@miguel.es
Usuario Creado correctamente:
Parametros solicitados:
   Name: miguelA
   Surname: angelA
   Username: miguelAA
   Password: miguel123
   Email: miguelA@miguel.es
Usuario Creado correctamente:
Parametros solicitados:
   Name: miguelB
   Surname: angelB
   Username: miguelBB
   Password: migue456
   Email: miguelB@miguel.es
Usuario Creado correctamente:
Parametros solicitados:
   Name: miguelC
   Surname: angelC
   Username: miguelCC
   Password: miguel789
   Email: miguelC@miguel.es
Usuario Creado correctamente:
Parametros solicitados:
   Name: miguelD
   Surname: angelD
   Username: miguelDD
   Password: miguel012
   Email: miguelD@miguel.es
Usuario Creado correctamente:
Parametros solicitados:
   Name: miguelA
   Surname: angelA
   Username: miguelAA
   Password: miguel123
   Email: miguelA@miguel.es
Usuario Creado correctamente:
Parametros solicitados:
   Name: miguelB
   Surname: angelB
   Username: miguelBB
   Password: migue456
   Email: miguelB@miguel.es
Usuario Creado correctamente:
Parametros solicitados:
   Name: miguelC
   Surname: angelC
   Username: miguelCC
   Password: miguel789
   Email: miguelC@miguel.es
Usuario Creado correctamente:
Parametros solicitados:
   Name: miguelD
   Surname: angelD
   Username: miguelDD
   Password: miguel012
   Email: miguelD@miguel.es
Usuario Creado correctamente:
Parametros solicitados:
   Name: miguelA
   Surname: angelA
   Username: miguelAA
   Password: miguel123
   Email: miguelA@miguel.es
Usuario Creado correctamente:
Parametros solicitados:
   Name: miguelB
   Surname: angelB
   Username: miguelBB
   Password: migue456
   Email: miguelB@miguel.es
Usuario Creado correctamente:
Parametros solicitados:
   Name: miguelC
   Surname: angelC
   Username: miguelCC
   Password: miguel789
   Email: miguelC@miguel.es
Usuario Creado correctamente:
Parametros solicitados:
   Name: miguelD
   Surname: angelD
   Username: miguelDD
   Password: miguel012
   Email: miguelD@miguel.es
Usuario Creado correctamente:
Parametros solicitados:
   Name: miguelA
   Surname: angelA
   Username: miguelAA
   Password: miguel123
   Email: miguelA@miguel.es
Usuario Creado correctamente:
Parametros solicitados:
   Name: miguelB
   Surname: angelB
   Username: miguelBB
   Password: migue456
   Email: miguelB@miguel.es
Usuario Creado correctamente:
Parametros solicitados:
   Name: miguelC
   Surname: angelC
   Username: miguelCC
   Password: miguel789
   Email: miguelC@miguel.es
Usuario Creado correctamente:
Parametros solicitados:
   Name: miguelD
   Surname: angelD
   Username: miguelDD
   Password: miguel012
   Email: miguelD@miguel.es
Usuario Creado correctamente:
Parametros solicitados:
   Name: miguelA
   Surname: angelA
   Username: miguelAA
   Password: miguel123
   Email: miguelA@miguel.es
Usuario Creado correctamente:
Parametros solicitados:
   Name: miguelB
   Surname: angelB
   Username: miguelBB
   Password: migue456
   Email: miguelB@miguel.es
Usuario Creado correctamente:
Parametros solicitados:
   Name: miguelC
   Surname: angelC
   Username: miguelCC
   Password: miguel789
   Email: miguelC@miguel.es
Usuario Creado correctamente:
Parametros solicitados:
   Name: miguelD
   Surname: angelD
   Username: miguelDD
   Password: miguel012
   Email: miguelD@miguel.es
Usuario Creado correctamente:
Parametros solicitados:
   Name: miguelA
   Surname: angelA
   Username: miguelAA
   Password: miguel123
   Email: miguelA@miguel.es
Usuario Creado correctamente:
Parametros solicitados:
   Name: miguelB
   Surname: angelB
   Username: miguelBB
   Password: migue456
   Email: miguelB@miguel.es
Usuario Creado correctamente:
Parametros solicitados:
   Name: miguelC
   Surname: angelC
   Username: miguelCC
   Password: miguel789
   Email: miguelC@miguel.es
Usuario Obtenido correctamente:
Etakemon objeto añadido correctamente:
Lista etakemonObject Obtenida correctamente:
Usuario Creado correctamente:
Parametros solicitados:
   Name: miguelA
   Surname: angelA
   Username: miguelAA
   Password: miguel123
   Email: miguelA@miguel.es
Usuario Creado correctamente:
Parametros solicitados:
   Name: miguelB
   Surname: angelB
   Username: miguelBB
   Password: migue456
   Email: miguelB@miguel.es
Usuario Creado correctamente:
Parametros solicitados:
   Name: miguelC
   Surname: angelC
   Username: miguelCC
   Password: miguel789
   Email: miguelC@miguel.es
Usuario Creado correctamente:
Parametros solicitados:
   Name: miguelD
   Surname: angelD
   Username: miguelDD
   Password: miguel012
   Email: miguelD@miguel.es
